<?xml version="1.0" encoding="UTF-8"?>
<!-- Generated by org.testng.reporters.JUnitXMLReporter -->
<testsuite hostname="Debarnab-PC" name="GRID TEST WITH SERIAL EXECTION WITH BROWSER FF" tests="2" failures="0" timestamp="11 Feb 2016 17:43:58 GMT" time="0.092" errors="0">
  <testcase name="loginTestCase" time="0.045" classname="com.debarnab.testcases.LoginTestCase"/>
  <testcase name="testcase" time="0.001" classname="com.debarnab.testcases.Testing"/>
</testsuite> <!-- GRID TEST WITH SERIAL EXECTION WITH BROWSER FF -->
