<?xml version="1.0" encoding="UTF-8"?>
<testng-results skipped="0" failed="0" total="1" passed="1">
  <reporter-output>
  </reporter-output>
  <suite name="Default suite" duration-ms="322" started-at="2016-02-10T18:11:02Z" finished-at="2016-02-10T18:11:03Z">
    <groups>
    </groups>
    <test name="Default test" duration-ms="322" started-at="2016-02-10T18:11:02Z" finished-at="2016-02-10T18:11:03Z">
      <class name="com.debarnab.testcases.LoginTestCase">
        <test-method status="PASS" signature="loginTestCase()[pri:0, instance:com.debarnab.testcases.LoginTestCase@d072a9]" name="loginTestCase" duration-ms="220" started-at="2016-02-10T19:11:02Z" finished-at="2016-02-10T19:11:03Z">
          <reporter-output>
          </reporter-output>
        </test-method> <!-- loginTestCase -->
      </class> <!-- com.debarnab.testcases.LoginTestCase -->
    </test> <!-- Default test -->
  </suite> <!-- Default suite -->
</testng-results>
